\BOOKMARK [0][-]{chapter.1}{\376\377\000A\000n\000a\000l\000y\000s\000i\000s}{}% 1
\BOOKMARK [1][-]{section.1.1}{\376\377\000P\000r\000o\000b\000l\000e\000m\000\040\000D\000e\000f\000i\000n\000i\000t\000i\000o\000n}{chapter.1}% 2
\BOOKMARK [1][-]{section.1.2}{\376\377\000S\000t\000a\000k\000e\000h\000o\000l\000d\000e\000r\000s}{chapter.1}% 3
\BOOKMARK [1][-]{section.1.3}{\376\377\000K\000a\000f\000k\000a\000\040\000A\000r\000c\000h\000i\000t\000e\000c\000t\000u\000r\000e}{chapter.1}% 4
\BOOKMARK [1][-]{section.1.4}{\376\377\000C\000o\000m\000p\000u\000t\000a\000t\000i\000o\000n\000a\000l\000\040\000M\000e\000t\000h\000o\000d\000s}{chapter.1}% 5
\BOOKMARK [2][-]{subsection.1.4.1}{\376\377\000A\000b\000s\000t\000r\000a\000c\000t\000i\000o\000n}{section.1.4}% 6
\BOOKMARK [2][-]{subsection.1.4.2}{\376\377\000D\000e\000c\000o\000m\000p\000o\000s\000i\000t\000i\000o\000n}{section.1.4}% 7
\BOOKMARK [2][-]{subsection.1.4.3}{\376\377\000T\000h\000i\000n\000k\000i\000n\000g\000\040\000A\000h\000e\000a\000d}{section.1.4}% 8
\BOOKMARK [2][-]{subsection.1.4.4}{\376\377\000A\000l\000g\000o\000r\000i\000t\000h\000m\000i\000c\000\040\000T\000h\000i\000n\000k\000i\000n\000g}{section.1.4}% 9
\BOOKMARK [2][-]{subsection.1.4.5}{\376\377\000E\000v\000a\000l\000u\000a\000t\000i\000o\000n\000\040\000a\000n\000d\000\040\000R\000e\000f\000i\000n\000e\000m\000e\000n\000t}{section.1.4}% 10
\BOOKMARK [2][-]{subsection.1.4.6}{\376\377\000C\000o\000n\000c\000l\000u\000s\000i\000o\000n}{section.1.4}% 11
\BOOKMARK [0][-]{chapter.2}{\376\377\000R\000e\000s\000e\000a\000r\000c\000h}{}% 12
\BOOKMARK [1][-]{section.2.1}{\376\377\000I\000n\000t\000e\000r\000v\000i\000e\000w\000\040\000q\000u\000e\000s\000t\000i\000o\000n\000s}{chapter.2}% 13
\BOOKMARK [2][-]{subsection.2.1.1}{\376\377\000Q\000u\000e\000s\000t\000i\000o\000n\000s}{section.2.1}% 14
\BOOKMARK [1][-]{section.2.2}{\376\377\000I\000n\000t\000e\000r\000v\000i\000e\000w}{chapter.2}% 15
\BOOKMARK [1][-]{section.2.3}{\376\377\000R\000e\000s\000e\000a\000r\000c\000h\000\040\000o\000n\000\040\000E\000x\000i\000s\000t\000i\000n\000g\000\040\000S\000o\000l\000u\000t\000i\000o\000n\000s}{chapter.2}% 16
\BOOKMARK [2][-]{subsection.2.3.1}{\376\377\000C\000r\000i\000t\000e\000r\000i\000a\000\040\000f\000o\000r\000\040\000E\000v\000a\000l\000u\000a\000t\000i\000n\000g\000\040\000U\000s\000a\000b\000i\000l\000i\000t\000y}{section.2.3}% 17
\BOOKMARK [2][-]{subsection.2.3.2}{\376\377\000K\000a\000f\000k\000a\000\040\000M\000a\000n\000a\000g\000e\000r}{section.2.3}% 18
\BOOKMARK [2][-]{subsection.2.3.3}{\376\377\000C\000o\000n\000d\000u\000k\000t\000o\000r}{section.2.3}% 19
\BOOKMARK [2][-]{subsection.2.3.4}{\376\377\000K\000a\000f\000d\000r\000o\000p}{section.2.3}% 20
\BOOKMARK [2][-]{subsection.2.3.5}{\376\377\000K\000a\000f\000k\000a\000\040\000C\000L\000I\000\040\000T\000o\000o\000l\000s}{section.2.3}% 21
\BOOKMARK [2][-]{subsection.2.3.6}{\376\377\000k\000a\000f\000k\000a\000c\000t\000l}{section.2.3}% 22
\BOOKMARK [2][-]{subsection.2.3.7}{\376\377\000K\000a\000f\000k\000a\000\040\000M\000o\000n\000i\000t\000o\000r}{section.2.3}% 23
\BOOKMARK [2][-]{subsection.2.3.8}{\376\377\000C\000o\000m\000p\000a\000r\000a\000t\000i\000v\000e\000\040\000S\000u\000m\000m\000a\000r\000y}{section.2.3}% 24
\BOOKMARK [1][-]{section.2.4}{\376\377\000L\000o\000o\000k\000\040\000i\000n\000t\000o\000\040\000O\000t\000h\000e\000r\000\040\000T\000U\000I\000\040\000A\000p\000p\000l\000i\000c\000a\000t\000i\000o\000n\000s}{chapter.2}% 25
\BOOKMARK [2][-]{subsection.2.4.1}{\376\377\000L\000a\000z\000y\000D\000o\000c\000k\000e\000r\000\040\000A\000n\000a\000l\000y\000s\000i\000s}{section.2.4}% 26
\BOOKMARK [2][-]{subsection.2.4.2}{\376\377\000C\000o\000n\000c\000l\000u\000s\000i\000o\000n\000s}{section.2.4}% 27
\BOOKMARK [1][-]{section.2.5}{\376\377\000F\000e\000a\000t\000u\000r\000e\000s\000\040\000o\000f\000\040\000t\000h\000e\000\040\000p\000r\000o\000p\000o\000s\000e\000d\000\040\000s\000o\000l\000u\000t\000i\000o\000n}{chapter.2}% 28
\BOOKMARK [1][-]{section.2.6}{\376\377\000L\000i\000m\000i\000t\000a\000t\000i\000o\000n\000s\000\040\000o\000f\000\040\000m\000y\000\040\000s\000o\000l\000u\000t\000i\000o\000n\000:}{chapter.2}% 29
\BOOKMARK [0][-]{chapter.3}{\376\377\000R\000e\000q\000u\000i\000r\000e\000m\000e\000n\000t\000s}{}% 30
\BOOKMARK [1][-]{section.3.1}{\376\377\000S\000o\000f\000t\000w\000a\000r\000e\000\040\000p\000r\000o\000d\000u\000c\000t\000\040\000q\000u\000a\000l\000i\000t\000y\000\040\000m\000o\000d\000e\000l}{chapter.3}% 31
\BOOKMARK [2][-]{subsection.3.1.1}{\376\377\000Q\000u\000a\000l\000i\000t\000y\000\040\000A\000t\000t\000r\000i\000b\000u\000t\000e\000\040\000S\000c\000e\000n\000a\000r\000i\000o\000s\000\040\000\050\000Q\000A\000S\000\051}{section.3.1}% 32
\BOOKMARK [2][-]{subsection.3.1.2}{\376\377\000E\000n\000v\000i\000r\000o\000n\000m\000e\000n\000t}{section.3.1}% 33
\BOOKMARK [1][-]{section.3.2}{\376\377\000S\000u\000c\000c\000e\000s\000s\000\040\000c\000r\000i\000t\000e\000r\000i\000a}{chapter.3}% 34
\BOOKMARK [0][-]{chapter.4}{\376\377\000D\000e\000s\000i\000g\000n}{}% 35
\BOOKMARK [1][-]{section.4.1}{\376\377\000D\000e\000c\000o\000m\000p\000o\000s\000i\000t\000i\000o\000n}{chapter.4}% 36
\BOOKMARK [2][-]{subsection.4.1.1}{\376\377\000P\000r\000i\000o\000r\000i\000t\000i\000z\000a\000t\000i\000o\000n}{section.4.1}% 37
\BOOKMARK [2][-]{subsection.4.1.2}{\376\377\000C\000o\000r\000e\000\040\000f\000u\000n\000c\000t\000i\000o\000n\000a\000l\000\040\000r\000e\000q\000u\000i\000r\000e\000m\000e\000n\000t\000s}{section.4.1}% 38
\BOOKMARK [2][-]{subsection.4.1.3}{\376\377\000I\000n\000t\000e\000r\000f\000a\000c\000e\000\040\000S\000t\000r\000u\000c\000t\000u\000r\000e}{section.4.1}% 39
\BOOKMARK [2][-]{subsection.4.1.4}{\376\377\000M\000a\000i\000n\000\040\000M\000e\000n\000u\000\040\000D\000e\000s\000i\000g\000n}{section.4.1}% 40
\BOOKMARK [2][-]{subsection.4.1.5}{\376\377\000T\000e\000c\000h\000\040\000S\000t\000a\000c\000k}{section.4.1}% 41
\BOOKMARK [2][-]{subsection.4.1.6}{\376\377\000T\000e\000s\000t\000i\000n\000g\000\040\000a\000n\000d\000\040\000D\000e\000b\000u\000g\000g\000i\000n\000g}{section.4.1}% 42
\BOOKMARK [2][-]{subsection.4.1.7}{\376\377\000R\000e\000l\000e\000a\000s\000e\000\040\000a\000n\000d\000\040\000S\000u\000p\000p\000o\000r\000t}{section.4.1}% 43
\BOOKMARK [1][-]{section.4.2}{\376\377\000S\000t\000r\000u\000c\000t\000u\000r\000e\000\040\000o\000f\000\040\000t\000h\000e\000\040\000S\000o\000l\000u\000t\000i\000o\000n}{chapter.4}% 44
\BOOKMARK [2][-]{subsection.4.2.1}{\376\377\000M\000V\000C\000\040\000u\000s\000e}{section.4.2}% 45
\BOOKMARK [2][-]{subsection.4.2.2}{\376\377\000A\000r\000c\000h\000i\000t\000e\000c\000t\000u\000r\000e}{section.4.2}% 46
\BOOKMARK [2][-]{subsection.4.2.3}{\376\377\000M\000o\000d\000e\000l\000s}{section.4.2}% 47
\BOOKMARK [2][-]{subsection.4.2.4}{\376\377\000A\000d\000a\000p\000t\000e\000r}{section.4.2}% 48
\BOOKMARK [0][-]{chapter.5}{\376\377\000D\000e\000v\000e\000l\000o\000p\000m\000e\000n\000t}{}% 49
\BOOKMARK [1][-]{section.5.1}{\376\377\000P\000r\000e\000p\000a\000r\000a\000t\000i\000o\000n}{chapter.5}% 50
\BOOKMARK [2][-]{subsection.5.1.1}{\376\377\000F\000o\000l\000d\000e\000r\000\040\000S\000t\000r\000u\000c\000t\000u\000r\000e}{section.5.1}% 51
\BOOKMARK [2][-]{subsection.5.1.2}{\376\377\000L\000i\000b\000r\000a\000r\000i\000e\000s}{section.5.1}% 52
\BOOKMARK [1][-]{section.5.2}{\376\377\000C\000o\000d\000i\000n\000g}{chapter.5}% 53
\BOOKMARK [2][-]{subsection.5.2.1}{\376\377\000P\000r\000o\000j\000e\000c\000t\000\040\000S\000k\000e\000l\000e\000t\000o\000n}{section.5.2}% 54
\BOOKMARK [2][-]{subsection.5.2.2}{\376\377\000C\000o\000n\000f\000i\000g\000u\000r\000a\000t\000i\000o\000n\000\040\000f\000u\000n\000c\000t\000i\000o\000n\000a\000l\000i\000t\000y}{section.5.2}% 55
\BOOKMARK [2][-]{subsection.5.2.3}{\376\377\000R\000u\000n\000n\000i\000n\000g\000\040\000t\000h\000e\000\040\000F\000i\000r\000s\000t\000\040\000T\000e\000s\000t}{section.5.2}% 56
\BOOKMARK [2][-]{subsection.5.2.4}{\376\377\000C\000o\000n\000n\000e\000c\000t\000i\000n\000g\000\040\000t\000o\000\040\000k\000a\000f\000k\000a}{section.5.2}% 57
\BOOKMARK [2][-]{subsection.5.2.5}{\376\377\000G\000U\000I\000:\000\040\000T\000o\000p\000i\000c\000s}{section.5.2}% 58
\BOOKMARK [2][-]{subsection.5.2.6}{\376\377\000S\000w\000i\000t\000c\000h\000i\000n\000g\000\040\000t\000o\000\040\000t\000e\000x\000t\000u\000a\000l}{section.5.2}% 59
\BOOKMARK [2][-]{subsection.5.2.7}{\376\377\000F\000i\000n\000i\000s\000h\000\040\000l\000i\000n\000e}{section.5.2}% 60
\BOOKMARK [2][-]{subsection.5.2.8}{\376\377\004\032\004\076\004\074\004\065\004\075\004\102\004\113\000\040\004\070\000\040\004\060\004\075\004\075\004\076\004\102\004\060\004\106\004\070\004\117}{section.5.2}% 61
\BOOKMARK [0][-]{appendix.A}{\376\377\000S\000y\000s\000t\000e\000m\000\040\000D\000e\000s\000i\000g\000n}{}% 62
\BOOKMARK [0][-]{appendix.B}{\376\377\000F\000i\000l\000e\000s}{}% 63
\BOOKMARK [1][-]{section.B.1}{\376\377\000p\000y\000p\000r\000o\000j\000e\000c\000t\000.\000t\000o\000m\000l\000\040\000\050\000L\000i\000b\000r\000a\000r\000i\000e\000s\000\040\000a\000n\000d\000\040\000d\000e\000p\000e\000n\000d\000e\000n\000c\000i\000e\000s\000\051}{appendix.B}% 64
\BOOKMARK [1][-]{section.B.2}{\376\377\000P\000r\000o\000j\000e\000c\000t}{appendix.B}% 65
\BOOKMARK [2][-]{subsection.B.2.1}{\376\377\000S\000t\000r\000u\000c\000t\000e\000r}{section.B.2}% 66
\BOOKMARK [1][-]{section.B.3}{\376\377\000.\000/}{appendix.B}% 67
\BOOKMARK [2][-]{subsection.B.3.1}{\376\377\000d\000o\000c\000k\000e\000r\000-\000c\000o\000m\000p\000o\000s\000e\000.\000k\000a\000f\000k\000a\000.\000y\000a\000m\000l}{section.B.3}% 68
\BOOKMARK [2][-]{subsection.B.3.2}{\376\377\000k\000a\000n\000d\000y\000.\000p\000y}{section.B.3}% 69
\BOOKMARK [2][-]{subsection.B.3.3}{\376\377\000M\000a\000k\000e\000f\000i\000l\000e}{section.B.3}% 70
\BOOKMARK [2][-]{subsection.B.3.4}{\376\377\000R\000E\000A\000D\000M\000E\000.\000m\000d}{section.B.3}% 71
\BOOKMARK [1][-]{section.B.4}{\376\377\000.\000/\000k\000a\000n\000d\000y\000\137\000k\000a\000f\000k\000a}{appendix.B}% 72
\BOOKMARK [2][-]{subsection.B.4.1}{\376\377\000a\000d\000a\000p\000t\000e\000r\000s\000/\000k\000a\000f\000k\000a\000\137\000a\000d\000a\000p\000t\000e\000r\000.\000p\000y}{section.B.4}% 73
\BOOKMARK [2][-]{subsection.B.4.2}{\376\377\000d\000o\000m\000a\000i\000n\000/\000m\000o\000d\000e\000l\000s\000.\000p\000y}{section.B.4}% 74
\BOOKMARK [2][-]{subsection.B.4.3}{\376\377\000g\000u\000i\000/\000a\000p\000p\000.\000c\000s\000s}{section.B.4}% 75
\BOOKMARK [2][-]{subsection.B.4.4}{\376\377\000g\000u\000i\000/\000c\000o\000n\000t\000r\000o\000l\000l\000e\000r\000.\000p\000y}{section.B.4}% 76
\BOOKMARK [2][-]{subsection.B.4.5}{\376\377\000g\000u\000i\000/\000v\000i\000e\000w\000s\000/\000t\000o\000p\000i\000c\000s\000.\000p\000y}{section.B.4}% 77
\BOOKMARK [2][-]{subsection.B.4.6}{\376\377\000e\000x\000c\000e\000p\000t\000i\000o\000n\000s\000.\000p\000y}{section.B.4}% 78
\BOOKMARK [2][-]{subsection.B.4.7}{\376\377\000b\000o\000o\000t\000s\000t\000r\000a\000p\000.\000p\000y}{section.B.4}% 79
\BOOKMARK [2][-]{subsection.B.4.8}{\376\377\000c\000o\000n\000f\000i\000g\000.\000p\000y}{section.B.4}% 80
\BOOKMARK [2][-]{subsection.B.4.9}{\376\377\000l\000o\000g\000g\000e\000r\000.\000p\000y}{section.B.4}% 81
\BOOKMARK [1][-]{section.B.5}{\376\377\000.\000/\000t\000e\000s\000t\000s}{appendix.B}% 82
\BOOKMARK [2][-]{subsection.B.5.1}{\376\377\000c\000o\000n\000f\000t\000e\000s\000t\000.\000p\000y}{section.B.5}% 83
\BOOKMARK [2][-]{subsection.B.5.2}{\376\377\000f\000e\000a\000t\000u\000r\000e\000s\000/\000h\000o\000s\000t\000s\000.\000f\000e\000a\000t\000u\000r\000e}{section.B.5}% 84
\BOOKMARK [2][-]{subsection.B.5.3}{\376\377\000f\000i\000x\000t\000u\000r\000e\000s\000/\000h\000o\000s\000t\000s\000/\000w\000r\000o\000n\000g\000\137\000s\000y\000n\000t\000a\000x\000\137\000e\000m\000p\000t\000y\000\137\000f\000i\000l\000e\000.\000y\000a\000m\000l}{section.B.5}% 85
\BOOKMARK [2][-]{subsection.B.5.4}{\376\377\000f\000i\000x\000t\000u\000r\000e\000s\000/\000h\000o\000s\000t\000s\000/\000w\000r\000o\000n\000g\000\137\000s\000y\000n\000t\000a\000x\000\137\000m\000i\000s\000s\000i\000n\000g\000\137\000h\000o\000s\000t\000.\000y\000a\000m\000l}{section.B.5}% 86
\BOOKMARK [2][-]{subsection.B.5.5}{\376\377\000f\000i\000x\000t\000u\000r\000e\000s\000/\000h\000o\000s\000t\000s\000/\000w\000r\000o\000n\000g\000\137\000s\000y\000n\000t\000a\000x\000\137\000m\000i\000s\000s\000i\000n\000g\000\137\000p\000o\000r\000t\000.\000y\000a\000m\000l}{section.B.5}% 87
\BOOKMARK [2][-]{subsection.B.5.6}{\376\377\000f\000i\000x\000t\000u\000r\000e\000s\000/\000h\000o\000s\000t\000s\000/\000k\000a\000f\000k\000a\000\137\000a\000d\000m\000i\000n\000.\000p\000y}{section.B.5}% 88
\BOOKMARK [2][-]{subsection.B.5.7}{\376\377\000f\000i\000x\000t\000u\000r\000e\000s\000/\000h\000o\000s\000t\000s\000/\000k\000a\000f\000k\000a\000\137\000c\000o\000n\000s\000u\000m\000e\000r\000.\000p\000y}{section.B.5}% 89
\BOOKMARK [2][-]{subsection.B.5.8}{\376\377\000i\000n\000t\000e\000g\000r\000a\000t\000i\000o\000n\000/\000t\000e\000s\000t\000\137\000k\000a\000f\000k\000a\000\137\000a\000d\000a\000p\000t\000e\000r\000.\000p\000y}{section.B.5}% 90
\BOOKMARK [2][-]{subsection.B.5.9}{\376\377\000s\000t\000e\000p\000\137\000d\000e\000f\000s\000/\000t\000e\000s\000t\000\137\000h\000o\000s\000t\000s\000\137\000c\000o\000n\000f\000i\000g\000.\000p\000y}{section.B.5}% 91
\BOOKMARK [2][-]{subsection.B.5.10}{\376\377\000u\000n\000i\000t\000/\000t\000e\000s\000t\000\137\000h\000o\000s\000t\000s\000\137\000c\000o\000n\000f\000i\000g\000\137\000f\000i\000e\000l\000d\000s\000.\000p\000y}{section.B.5}% 92
